C:\zMinhNhatLe\zStudy\Practice\WebApplication1\WebApplication1\node_modules\awesome-typescript-loader\dist\cache.js
C:\zMinhNhatLe\zStudy\Practice\WebApplication1\WebApplication1\node_modules\awesome-typescript-loader\dist\cache.js.map
C:\zMinhNhatLe\zStudy\Practice\WebApplication1\WebApplication1\node_modules\awesome-typescript-loader\dist\cache.d.ts
C:\zMinhNhatLe\zStudy\Practice\WebApplication1\WebApplication1\node_modules\awesome-typescript-loader\dist\entry.js
C:\zMinhNhatLe\zStudy\Practice\WebApplication1\WebApplication1\node_modules\awesome-typescript-loader\dist\entry.js.map
C:\zMinhNhatLe\zStudy\Practice\WebApplication1\WebApplication1\node_modules\awesome-typescript-loader\dist\entry.d.ts
C:\zMinhNhatLe\zStudy\Practice\WebApplication1\WebApplication1\node_modules\awesome-typescript-loader\dist\interfaces.js
C:\zMinhNhatLe\zStudy\Practice\WebApplication1\WebApplication1\node_modules\awesome-typescript-loader\dist\interfaces.js.map
C:\zMinhNhatLe\zStudy\Practice\WebApplication1\WebApplication1\node_modules\awesome-typescript-loader\dist\interfaces.d.ts
C:\zMinhNhatLe\zStudy\Practice\WebApplication1\WebApplication1\node_modules\awesome-typescript-loader\dist\helpers.js
C:\zMinhNhatLe\zStudy\Practice\WebApplication1\WebApplication1\node_modules\awesome-typescript-loader\dist\helpers.js.map
C:\zMinhNhatLe\zStudy\Practice\WebApplication1\WebApplication1\node_modules\awesome-typescript-loader\dist\helpers.d.ts
C:\zMinhNhatLe\zStudy\Practice\WebApplication1\WebApplication1\node_modules\awesome-typescript-loader\dist\checker\send.js
C:\zMinhNhatLe\zStudy\Practice\WebApplication1\WebApplication1\node_modules\awesome-typescript-loader\dist\checker\send.js.map
C:\zMinhNhatLe\zStudy\Practice\WebApplication1\WebApplication1\node_modules\awesome-typescript-loader\dist\checker\send.d.ts
C:\zMinhNhatLe\zStudy\Practice\WebApplication1\WebApplication1\node_modules\awesome-typescript-loader\dist\checker\protocol.js
C:\zMinhNhatLe\zStudy\Practice\WebApplication1\WebApplication1\node_modules\awesome-typescript-loader\dist\checker\protocol.js.map
C:\zMinhNhatLe\zStudy\Practice\WebApplication1\WebApplication1\node_modules\awesome-typescript-loader\dist\checker\protocol.d.ts
C:\zMinhNhatLe\zStudy\Practice\WebApplication1\WebApplication1\node_modules\awesome-typescript-loader\dist\checker\checker.js
C:\zMinhNhatLe\zStudy\Practice\WebApplication1\WebApplication1\node_modules\awesome-typescript-loader\dist\checker\checker.js.map
C:\zMinhNhatLe\zStudy\Practice\WebApplication1\WebApplication1\node_modules\awesome-typescript-loader\dist\checker\checker.d.ts
C:\zMinhNhatLe\zStudy\Practice\WebApplication1\WebApplication1\node_modules\awesome-typescript-loader\dist\checker\index.js
C:\zMinhNhatLe\zStudy\Practice\WebApplication1\WebApplication1\node_modules\awesome-typescript-loader\dist\checker\index.js.map
C:\zMinhNhatLe\zStudy\Practice\WebApplication1\WebApplication1\node_modules\awesome-typescript-loader\dist\checker\index.d.ts
C:\zMinhNhatLe\zStudy\Practice\WebApplication1\WebApplication1\node_modules\awesome-typescript-loader\dist\watch-mode.js
C:\zMinhNhatLe\zStudy\Practice\WebApplication1\WebApplication1\node_modules\awesome-typescript-loader\dist\watch-mode.js.map
C:\zMinhNhatLe\zStudy\Practice\WebApplication1\WebApplication1\node_modules\awesome-typescript-loader\dist\watch-mode.d.ts
C:\zMinhNhatLe\zStudy\Practice\WebApplication1\WebApplication1\node_modules\awesome-typescript-loader\dist\instance.js
C:\zMinhNhatLe\zStudy\Practice\WebApplication1\WebApplication1\node_modules\awesome-typescript-loader\dist\instance.js.map
C:\zMinhNhatLe\zStudy\Practice\WebApplication1\WebApplication1\node_modules\awesome-typescript-loader\dist\instance.d.ts
C:\zMinhNhatLe\zStudy\Practice\WebApplication1\WebApplication1\node_modules\awesome-typescript-loader\dist\paths-plugin.js
C:\zMinhNhatLe\zStudy\Practice\WebApplication1\WebApplication1\node_modules\awesome-typescript-loader\dist\paths-plugin.js.map
C:\zMinhNhatLe\zStudy\Practice\WebApplication1\WebApplication1\node_modules\awesome-typescript-loader\dist\paths-plugin.d.ts
C:\zMinhNhatLe\zStudy\Practice\WebApplication1\WebApplication1\node_modules\awesome-typescript-loader\dist\index.js
C:\zMinhNhatLe\zStudy\Practice\WebApplication1\WebApplication1\node_modules\awesome-typescript-loader\dist\index.js.map
C:\zMinhNhatLe\zStudy\Practice\WebApplication1\WebApplication1\node_modules\awesome-typescript-loader\dist\index.d.ts
C:\zMinhNhatLe\zStudy\Practice\WebApplication1\WebApplication1\node_modules\awesome-typescript-loader\dist\checker\fs.js
C:\zMinhNhatLe\zStudy\Practice\WebApplication1\WebApplication1\node_modules\awesome-typescript-loader\dist\checker\fs.js.map
C:\zMinhNhatLe\zStudy\Practice\WebApplication1\WebApplication1\node_modules\awesome-typescript-loader\dist\checker\fs.d.ts
C:\zMinhNhatLe\zStudy\Practice\WebApplication1\WebApplication1\node_modules\awesome-typescript-loader\dist\checker\runtime.js
C:\zMinhNhatLe\zStudy\Practice\WebApplication1\WebApplication1\node_modules\awesome-typescript-loader\dist\checker\runtime.js.map
C:\zMinhNhatLe\zStudy\Practice\WebApplication1\WebApplication1\node_modules\awesome-typescript-loader\dist\checker\runtime.d.ts
C:\zMinhNhatLe\zStudy\Practice\WebApplication1\WebApplication1\node_modules\awesome-typescript-loader\dist\__test__\utils.js
C:\zMinhNhatLe\zStudy\Practice\WebApplication1\WebApplication1\node_modules\awesome-typescript-loader\dist\__test__\utils.js.map
C:\zMinhNhatLe\zStudy\Practice\WebApplication1\WebApplication1\node_modules\awesome-typescript-loader\dist\__test__\utils.d.ts
C:\zMinhNhatLe\zStudy\Practice\WebApplication1\WebApplication1\node_modules\awesome-typescript-loader\dist\__test__\angular-webpack-starter.js
C:\zMinhNhatLe\zStudy\Practice\WebApplication1\WebApplication1\node_modules\awesome-typescript-loader\dist\__test__\angular-webpack-starter.js.map
C:\zMinhNhatLe\zStudy\Practice\WebApplication1\WebApplication1\node_modules\awesome-typescript-loader\dist\__test__\angular-webpack-starter.d.ts
C:\zMinhNhatLe\zStudy\Practice\WebApplication1\WebApplication1\node_modules\awesome-typescript-loader\dist\__test__\babel.js
C:\zMinhNhatLe\zStudy\Practice\WebApplication1\WebApplication1\node_modules\awesome-typescript-loader\dist\__test__\babel.js.map
C:\zMinhNhatLe\zStudy\Practice\WebApplication1\WebApplication1\node_modules\awesome-typescript-loader\dist\__test__\babel.d.ts
C:\zMinhNhatLe\zStudy\Practice\WebApplication1\WebApplication1\node_modules\awesome-typescript-loader\dist\__test__\compile-output.js
C:\zMinhNhatLe\zStudy\Practice\WebApplication1\WebApplication1\node_modules\awesome-typescript-loader\dist\__test__\compile-output.js.map
C:\zMinhNhatLe\zStudy\Practice\WebApplication1\WebApplication1\node_modules\awesome-typescript-loader\dist\__test__\compile-output.d.ts
C:\zMinhNhatLe\zStudy\Practice\WebApplication1\WebApplication1\node_modules\awesome-typescript-loader\dist\__test__\config-file-name.js
C:\zMinhNhatLe\zStudy\Practice\WebApplication1\WebApplication1\node_modules\awesome-typescript-loader\dist\__test__\config-file-name.js.map
C:\zMinhNhatLe\zStudy\Practice\WebApplication1\WebApplication1\node_modules\awesome-typescript-loader\dist\__test__\config-file-name.d.ts
C:\zMinhNhatLe\zStudy\Practice\WebApplication1\WebApplication1\node_modules\awesome-typescript-loader\dist\__test__\create-cache-dir.js
C:\zMinhNhatLe\zStudy\Practice\WebApplication1\WebApplication1\node_modules\awesome-typescript-loader\dist\__test__\create-cache-dir.js.map
C:\zMinhNhatLe\zStudy\Practice\WebApplication1\WebApplication1\node_modules\awesome-typescript-loader\dist\__test__\create-cache-dir.d.ts
C:\zMinhNhatLe\zStudy\Practice\WebApplication1\WebApplication1\node_modules\awesome-typescript-loader\dist\__test__\custom-transformers.js
C:\zMinhNhatLe\zStudy\Practice\WebApplication1\WebApplication1\node_modules\awesome-typescript-loader\dist\__test__\custom-transformers.js.map
C:\zMinhNhatLe\zStudy\Practice\WebApplication1\WebApplication1\node_modules\awesome-typescript-loader\dist\__test__\custom-transformers.d.ts
C:\zMinhNhatLe\zStudy\Practice\WebApplication1\WebApplication1\node_modules\awesome-typescript-loader\dist\__test__\declaration.js
C:\zMinhNhatLe\zStudy\Practice\WebApplication1\WebApplication1\node_modules\awesome-typescript-loader\dist\__test__\declaration.js.map
C:\zMinhNhatLe\zStudy\Practice\WebApplication1\WebApplication1\node_modules\awesome-typescript-loader\dist\__test__\declaration.d.ts
C:\zMinhNhatLe\zStudy\Practice\WebApplication1\WebApplication1\node_modules\awesome-typescript-loader\dist\__test__\error.js
C:\zMinhNhatLe\zStudy\Practice\WebApplication1\WebApplication1\node_modules\awesome-typescript-loader\dist\__test__\error.js.map
C:\zMinhNhatLe\zStudy\Practice\WebApplication1\WebApplication1\node_modules\awesome-typescript-loader\dist\__test__\error.d.ts
C:\zMinhNhatLe\zStudy\Practice\WebApplication1\WebApplication1\node_modules\awesome-typescript-loader\dist\__test__\exclude.js
C:\zMinhNhatLe\zStudy\Practice\WebApplication1\WebApplication1\node_modules\awesome-typescript-loader\dist\__test__\exclude.js.map
C:\zMinhNhatLe\zStudy\Practice\WebApplication1\WebApplication1\node_modules\awesome-typescript-loader\dist\__test__\exclude.d.ts
C:\zMinhNhatLe\zStudy\Practice\WebApplication1\WebApplication1\node_modules\awesome-typescript-loader\dist\__test__\import-empty-declaration.js
C:\zMinhNhatLe\zStudy\Practice\WebApplication1\WebApplication1\node_modules\awesome-typescript-loader\dist\__test__\import-empty-declaration.js.map
C:\zMinhNhatLe\zStudy\Practice\WebApplication1\WebApplication1\node_modules\awesome-typescript-loader\dist\__test__\import-empty-declaration.d.ts
C:\zMinhNhatLe\zStudy\Practice\WebApplication1\WebApplication1\node_modules\awesome-typescript-loader\dist\__test__\paths-plugin.js
C:\zMinhNhatLe\zStudy\Practice\WebApplication1\WebApplication1\node_modules\awesome-typescript-loader\dist\__test__\paths-plugin.js.map
C:\zMinhNhatLe\zStudy\Practice\WebApplication1\WebApplication1\node_modules\awesome-typescript-loader\dist\__test__\paths-plugin.d.ts
C:\zMinhNhatLe\zStudy\Practice\WebApplication1\WebApplication1\node_modules\awesome-typescript-loader\dist\__test__\react.js
C:\zMinhNhatLe\zStudy\Practice\WebApplication1\WebApplication1\node_modules\awesome-typescript-loader\dist\__test__\react.js.map
C:\zMinhNhatLe\zStudy\Practice\WebApplication1\WebApplication1\node_modules\awesome-typescript-loader\dist\__test__\react.d.ts
C:\zMinhNhatLe\zStudy\Practice\WebApplication1\WebApplication1\node_modules\awesome-typescript-loader\dist\__test__\remove.js
C:\zMinhNhatLe\zStudy\Practice\WebApplication1\WebApplication1\node_modules\awesome-typescript-loader\dist\__test__\remove.js.map
C:\zMinhNhatLe\zStudy\Practice\WebApplication1\WebApplication1\node_modules\awesome-typescript-loader\dist\__test__\remove.d.ts
C:\zMinhNhatLe\zStudy\Practice\WebApplication1\WebApplication1\node_modules\awesome-typescript-loader\dist\__test__\rename-case.js
C:\zMinhNhatLe\zStudy\Practice\WebApplication1\WebApplication1\node_modules\awesome-typescript-loader\dist\__test__\rename-case.js.map
C:\zMinhNhatLe\zStudy\Practice\WebApplication1\WebApplication1\node_modules\awesome-typescript-loader\dist\__test__\rename-case.d.ts
C:\zMinhNhatLe\zStudy\Practice\WebApplication1\WebApplication1\node_modules\awesome-typescript-loader\dist\__test__\report-files.js
C:\zMinhNhatLe\zStudy\Practice\WebApplication1\WebApplication1\node_modules\awesome-typescript-loader\dist\__test__\report-files.js.map
C:\zMinhNhatLe\zStudy\Practice\WebApplication1\WebApplication1\node_modules\awesome-typescript-loader\dist\__test__\report-files.d.ts
C:\zMinhNhatLe\zStudy\Practice\WebApplication1\WebApplication1\node_modules\awesome-typescript-loader\dist\__test__\simple.js
C:\zMinhNhatLe\zStudy\Practice\WebApplication1\WebApplication1\node_modules\awesome-typescript-loader\dist\__test__\simple.js.map
C:\zMinhNhatLe\zStudy\Practice\WebApplication1\WebApplication1\node_modules\awesome-typescript-loader\dist\__test__\simple.d.ts
C:\zMinhNhatLe\zStudy\Practice\WebApplication1\WebApplication1\node_modules\awesome-typescript-loader\dist\__test__\skipLibCheck.js
C:\zMinhNhatLe\zStudy\Practice\WebApplication1\WebApplication1\node_modules\awesome-typescript-loader\dist\__test__\skipLibCheck.js.map
C:\zMinhNhatLe\zStudy\Practice\WebApplication1\WebApplication1\node_modules\awesome-typescript-loader\dist\__test__\skipLibCheck.d.ts
C:\zMinhNhatLe\zStudy\Practice\WebApplication1\WebApplication1\node_modules\awesome-typescript-loader\dist\__test__\source-map.js
C:\zMinhNhatLe\zStudy\Practice\WebApplication1\WebApplication1\node_modules\awesome-typescript-loader\dist\__test__\source-map.js.map
C:\zMinhNhatLe\zStudy\Practice\WebApplication1\WebApplication1\node_modules\awesome-typescript-loader\dist\__test__\source-map.d.ts
C:\zMinhNhatLe\zStudy\Practice\WebApplication1\WebApplication1\node_modules\awesome-typescript-loader\dist\__test__\watch-output.js
C:\zMinhNhatLe\zStudy\Practice\WebApplication1\WebApplication1\node_modules\awesome-typescript-loader\dist\__test__\watch-output.js.map
C:\zMinhNhatLe\zStudy\Practice\WebApplication1\WebApplication1\node_modules\awesome-typescript-loader\dist\__test__\watch-output.d.ts
C:\zMinhNhatLe\zStudy\Practice\WebApplication1\WebApplication1\node_modules\awesome-typescript-loader\dist\__test__\watch.js
C:\zMinhNhatLe\zStudy\Practice\WebApplication1\WebApplication1\node_modules\awesome-typescript-loader\dist\__test__\watch.js.map
C:\zMinhNhatLe\zStudy\Practice\WebApplication1\WebApplication1\node_modules\awesome-typescript-loader\dist\__test__\watch.d.ts
